<?xml version="1.0" encoding="UTF-8"?>
<!-- Generated by org.testng.reporters.JUnitReportReporter -->
<testsuite hostname="DESKTOP-S0OQKKP" failures="0" tests="3" name="com.telus.testcase.RegisterDemo" time="11.723" errors="0" timestamp="2022-09-05T12:23:25 IST" skipped="0">
  <testcase classname="com.telus.testcase.RegisterDemo" name="navigateToRegistrationForm" time="3.975"/>
  <system-out/>
  <testcase classname="com.telus.testcase.RegisterDemo" name="registerUser" time="7.634"/>
  <system-out/>
  <testcase classname="com.telus.testcase.RegisterDemo" name="validateSuccessfulMessage" time="0.114"/>
  <system-out/>
</testsuite> <!-- com.telus.testcase.RegisterDemo -->
