<?xml version="1.0" encoding="UTF-8"?>
<!-- Generated by org.testng.reporters.JUnitReportReporter -->
<testsuite hostname="DESKTOP-S0OQKKP" failures="0" tests="3" name="com.test.testcase.RegisterDemo" time="10.091" errors="0" timestamp="2022-09-11T17:46:30 IST" skipped="0">
  <testcase classname="com.test.testcase.RegisterDemo" name="navigateToRegistrationForm" time="2.867"/>
  <system-out/>
  <testcase classname="com.test.testcase.RegisterDemo" name="registerUser" time="7.141"/>
  <system-out/>
  <testcase classname="com.test.testcase.RegisterDemo" name="validateSuccessfulMessage" time="0.083"/>
  <system-out/>
</testsuite> <!-- com.test.testcase.RegisterDemo -->
