<?xml version="1.0" encoding="UTF-8"?>
<!-- Generated by org.testng.reporters.JUnitReportReporter -->
<testsuite hostname="DESKTOP-S0OQKKP" failures="0" tests="3" name="com.test.testcase.RegisterDemo" time="10.843" errors="0" timestamp="2022-09-11T17:13:56 IST" skipped="0">
  <testcase classname="com.test.testcase.RegisterDemo" name="navigateToRegistrationForm" time="4.106"/>
  <system-out/>
  <testcase classname="com.test.testcase.RegisterDemo" name="registerUser" time="6.627"/>
  <system-out/>
  <testcase classname="com.test.testcase.RegisterDemo" name="validateSuccessfulMessage" time="0.110"/>
  <system-out/>
</testsuite> <!-- com.test.testcase.RegisterDemo -->
