<?xml version="1.0" encoding="UTF-8"?>
<!-- Generated by org.testng.reporters.JUnitReportReporter -->
<testsuite hostname="DESKTOP-S0OQKKP" failures="0" tests="3" name="com.telus.testcase.RegisterDemoBeforeAndAfterClass" time="10.625" errors="0" timestamp="2022-08-26T12:55:25 IST" skipped="0">
  <testcase classname="com.telus.testcase.RegisterDemoBeforeAndAfterClass" name="navigateToRegistrationForm" time="3.570"/>
  <system-out>
    <![CDATA[The title of the web page is: NxtGen A.I Academy – Learn With Clarity
 
QA AUTOMATION menu is displayed
Practice Automation menu is Displayed
Demo Site – Registration Form menu button is displayed.
Demo Site – Registration Form menu is clicked]]>
  </system-out>
  <testcase classname="com.telus.testcase.RegisterDemoBeforeAndAfterClass" name="registerUser" time="6.967"/>
  <system-out>
    <![CDATA[The form title name is displayed
The actual form title name is: Register For Demo
 
First Name text box is displayed
Text box is enabled
First Name is: Deepak
 
Last Name text box is displayed
Last Name text box is enabled
Last Name is: Singh
 
Gender radio button is displayed
Gender radio button is enabled
Gender radio button is selected as Male
 
Street address text box is displayed
Street address text box is enabled
Street address is: The xyz Road
 
City text box is displayed
City text box is enabled
City Name is: Haldwani
 
State text box is displayed
State text box is enabled
State Name is: Uttarakhand
 
Postal code box is displayed
Postal code field is enabled
Postal code is: 263139
 
Country dropdown box is displayed
Country dropdown is enabled
Country dropdown is selected: India
 
Email address text box is displayed
Email box is enabled
Email address is: abcd@gmail.com
 
Date of demo text box is displayed
Date of demo box is enabled
Date of demo is: 05/08/2022
 
Hour selection box is displayed
Hour selection is enabled
Hour is: 11
 
Minute selection box is displayed
Minute selection is enabled
Minute is: 30
 
Mobile number text box is displayed
Mobile number field is enabled
Mobile number is: 9400000000
 
TestNG checkbox is displayed
TestNG checkbox is enabled
TestNG checkbox is checked successfully
 
CoreJava checkbox is displayed
CoreJava checkbox is enabled
CoreJava checkbox is checked successfully
 
Query text box is displayed
Query field is enabled
Query is: What is the duration of the courses ?
 
Verification field is displayed
Verification field is enabled
Verification number is entered: 99
 
Submit button is displayed
Submit button is enabled
Register Demo Form is submitted
 ]]>
  </system-out>
  <testcase classname="com.telus.testcase.RegisterDemoBeforeAndAfterClass" name="validateSuccessfulMessage" time="0.088"/>
  <system-out>
    <![CDATA[The Transaction message is displayed
The Transaction message contain: Registration Form is Successfully Submitted.
The Full Transaction message is: Registration Form is Successfully Submitted. The Transaction ID : NXTGEN1937465
The transaction id is: NXTGEN1937465]]>
  </system-out>
</testsuite> <!-- com.telus.testcase.RegisterDemoBeforeAndAfterClass -->
