<?xml version="1.0" encoding="UTF-8"?>
<!-- Generated by org.testng.reporters.JUnitReportReporter -->
<testsuite hostname="DESKTOP-S0OQKKP" failures="0" tests="3" name="com.telus.testcase.RegisterDemo" time="10.338" errors="0" timestamp="2022-08-26T13:06:25 IST" skipped="0">
  <testcase classname="com.telus.testcase.RegisterDemo" name="navigateToRegistrationForm" time="2.965"/>
  <system-out/>
  <testcase classname="com.telus.testcase.RegisterDemo" name="registerUser" time="7.280"/>
  <system-out/>
  <testcase classname="com.telus.testcase.RegisterDemo" name="validateSuccessfulMessage" time="0.093"/>
  <system-out/>
</testsuite> <!-- com.telus.testcase.RegisterDemo -->
